<?xml version="1.0" encoding="utf-8"?>
<TestRun id="10274959-d630-4d70-85ea-69261d13a432" name="proof@DESKTOP-UK9RCOH 2026-09-17 08:25:08" runUser="DESKTOP-UK9RCOH\proof" xmlns="http://microsoft.com/schemas/VisualStudio/TeamTest/2010">
  <Times creation="2026-09-17T08:25:08.5057516+02:00" queuing="2026-09-17T08:25:08.5057519+02:00" start="2026-09-17T08:25:07.6669728+02:00" finish="2026-09-17T08:25:08.5105586+02:00" />
  <TestSettings name="default" id="da7af4e0-26b0-48fd-88db-45d8f218905f">
    <Deployment runDeploymentRoot="proof_DESKTOP-UK9RCOH_2026-09-17_08_25_08" />
  </TestSettings>
  <Results>
    <UnitTestResult executionId="abebd731-6f02-43cf-b610-0845489230e4" testId="97812d21-cd3c-54ee-a63b-a8c50181f98f" testName="Broiler.VM.Contract.Tests.FuelChargeExactnessTests.Two_Instances_On_Two_Threads_Spend_A_Shared_Runtime_Ceiling_To_The_Unit" computerName="DESKTOP-UK9RCOH" duration="00:00:00.2308906" startTime="2026-09-17T08:25:08.4208110+02:00" endTime="2026-09-17T08:25:08.4208427+02:00" testType="13cdc9d9-ddb5-4fa4-a97d-d965ccfc6d4b" outcome="Passed" testListId="8c84fa94-04c1-424b-9868-57a2d4851a1d" relativeResultsDirectory="abebd731-6f02-43cf-b610-0845489230e4" />
  </Results>
  <TestDefinitions>
    <UnitTest name="Broiler.VM.Contract.Tests.FuelChargeExactnessTests.Two_Instances_On_Two_Threads_Spend_A_Shared_Runtime_Ceiling_To_The_Unit" storage="d:\broiler.vm\src\tests\broiler.vm.contract.tests\bin\release\net10.0\broiler.vm.contract.tests.dll" id="97812d21-cd3c-54ee-a63b-a8c50181f98f">
      <Execution id="abebd731-6f02-43cf-b610-0845489230e4" />
      <TestMethod codeBase="D:\Broiler.VM\src\tests\Broiler.VM.Contract.Tests\bin\Release\net10.0\Broiler.VM.Contract.Tests.dll" adapterTypeName="executor://xunit/VsTestRunner2/netcoreapp" className="Broiler.VM.Contract.Tests.FuelChargeExactnessTests" name="Two_Instances_On_Two_Threads_Spend_A_Shared_Runtime_Ceiling_To_The_Unit" />
    </UnitTest>
  </TestDefinitions>
  <TestEntries>
    <TestEntry testId="97812d21-cd3c-54ee-a63b-a8c50181f98f" executionId="abebd731-6f02-43cf-b610-0845489230e4" testListId="8c84fa94-04c1-424b-9868-57a2d4851a1d" />
  </TestEntries>
  <TestLists>
    <TestList name="Ergebnisse nicht in einer Liste" id="8c84fa94-04c1-424b-9868-57a2d4851a1d" />
    <TestList name="Alle geladenen Ergebnisse" id="19431567-8539-422a-85d7-44ee4e166bda" />
  </TestLists>
  <ResultSummary outcome="Completed">
    <Counters total="1" executed="1" passed="1" failed="0" error="0" timeout="0" aborted="0" inconclusive="0" passedButRunAborted="0" notRunnable="0" notExecuted="0" disconnected="0" warning="0" completed="0" inProgress="0" pending="0" />
    <Output>
      <StdOut>[xUnit.net 00:00:00.00] xUnit.net VSTest Adapter v2.5.3.1+6b60a9e56a (64-bit .NET 10.0.12)&#xD;
[xUnit.net 00:00:00.06]   Discovering: Broiler.VM.Contract.Tests&#xD;
[xUnit.net 00:00:00.11]   Discovered:  Broiler.VM.Contract.Tests&#xD;
[xUnit.net 00:00:00.12]   Starting:    Broiler.VM.Contract.Tests&#xD;
[xUnit.net 00:00:00.39]   Finished:    Broiler.VM.Contract.Tests&#xD;
</StdOut>
    </Output>
  </ResultSummary>
</TestRun>